\BOOKMARK [1][-]{section.1}{Getting Started}{}% 1
\BOOKMARK [2][-]{subsection.1.1}{Quick Facts}{section.1}% 2
\BOOKMARK [2][-]{subsection.1.2}{my kulturBOT's Anatomy}{section.1}% 3
\BOOKMARK [2][-]{subsection.1.3}{Turning kulturBOT on.}{section.1}% 4
\BOOKMARK [3][-]{subsubsection.1.3.1}{Is kulturBOT turned on?}{subsection.1.3}% 5
\BOOKMARK [3][-]{subsubsection.1.3.2}{Restarting kulturBOT}{subsection.1.3}% 6
\BOOKMARK [2][-]{subsection.1.4}{Virtual Walls}{section.1}% 7
\BOOKMARK [1][-]{section.2}{Normal Operation}{}% 8
\BOOKMARK [2][-]{subsection.2.1}{Laptop Server and Twitter Feed}{section.2}% 9
\BOOKMARK [2][-]{subsection.2.2}{Connecting to the my kulturBOT Unit}{section.2}% 10
\BOOKMARK [3][-]{subsubsection.2.2.1}{From a MAC or Linux Machine}{subsection.2.2}% 11
\BOOKMARK [3][-]{subsubsection.2.2.2}{From a Windows Machine}{subsection.2.2}% 12
\BOOKMARK [2][-]{subsection.2.3}{Stopping my kulturBOT}{section.2}% 13
\BOOKMARK [2][-]{subsection.2.4}{Charging my kulturBOT}{section.2}% 14
\BOOKMARK [1][-]{section.3}{Normal Behaviour}{}% 15
\BOOKMARK [1][-]{section.4}{Troubleshooting}{}% 16
\BOOKMARK [2][-]{subsection.4.1}{kulturBOT isn't tweeting!}{section.4}% 17
\BOOKMARK [2][-]{subsection.4.2}{kulturBOT is taking pictures but not moving.}{section.4}% 18
\BOOKMARK [2][-]{subsection.4.3}{kulturBOT is moving but not taking pictures.}{section.4}% 19
\BOOKMARK [2][-]{subsection.4.4}{kulturBOT won't turn on.}{section.4}% 20
\BOOKMARK [2][-]{subsection.4.5}{Something else has happened!}{section.4}% 21
